This is pdfTeX, Version 3.14159265-2.6-1.40.16 (TeX Live 2015/Debian) (preloaded format=pdflatex 2018.10.18)  24 NOV 2018 12:54
entering extended mode
 \write18 enabled.
 %&-line parsing enabled.
**doc.tex
(./doc.tex
LaTeX2e <2016/02/01>
Babel <3.9q> and hyphenation patterns for 33 language(s) loaded.
(/usr/share/texlive/texmf-dist/tex/latex/base/article.cls
Document Class: article 2014/09/29 v1.4h Standard LaTeX document class
(/usr/share/texlive/texmf-dist/tex/latex/base/size12.clo
File: size12.clo 2014/09/29 v1.4h Standard LaTeX file (size option)
)
\c@part=\count79
\c@section=\count80
\c@subsection=\count81
\c@subsubsection=\count82
\c@paragraph=\count83
\c@subparagraph=\count84
\c@figure=\count85
\c@table=\count86
\abovecaptionskip=\skip41
\belowcaptionskip=\skip42
\bibindent=\dimen102
)
(/usr/share/texlive/texmf-dist/tex/latex/amsmath/amsmath.sty
Package: amsmath 2016/03/03 v2.15a AMS math features
\@mathmargin=\skip43

For additional information on amsmath, use the `?' option.
(/usr/share/texlive/texmf-dist/tex/latex/amsmath/amstext.sty
Package: amstext 2000/06/29 v2.01 AMS text

(/usr/share/texlive/texmf-dist/tex/latex/amsmath/amsgen.sty
File: amsgen.sty 1999/11/30 v2.0 generic functions
\@emptytoks=\toks14
\ex@=\dimen103
))
(/usr/share/texlive/texmf-dist/tex/latex/amsmath/amsbsy.sty
Package: amsbsy 1999/11/29 v1.2d Bold Symbols
\pmbraise@=\dimen104
)
(/usr/share/texlive/texmf-dist/tex/latex/amsmath/amsopn.sty
Package: amsopn 1999/12/14 v2.01 operator names
)
\inf@bad=\count87
LaTeX Info: Redefining \frac on input line 199.
\uproot@=\count88
\leftroot@=\count89
LaTeX Info: Redefining \overline on input line 297.
\classnum@=\count90
\DOTSCASE@=\count91
LaTeX Info: Redefining \ldots on input line 394.
LaTeX Info: Redefining \dots on input line 397.
LaTeX Info: Redefining \cdots on input line 518.
\Mathstrutbox@=\box26
\strutbox@=\box27
\big@size=\dimen105
LaTeX Font Info:    Redeclaring font encoding OML on input line 630.
LaTeX Font Info:    Redeclaring font encoding OMS on input line 631.
\macc@depth=\count92
\c@MaxMatrixCols=\count93
\dotsspace@=\muskip10
\c@parentequation=\count94
\dspbrk@lvl=\count95
\tag@help=\toks15
\row@=\count96
\column@=\count97
\maxfields@=\count98
\andhelp@=\toks16
\eqnshift@=\dimen106
\alignsep@=\dimen107
\tagshift@=\dimen108
\tagwidth@=\dimen109
\totwidth@=\dimen110
\lineht@=\dimen111
\@envbody=\toks17
\multlinegap=\skip44
\multlinetaggap=\skip45
\mathdisplay@stack=\toks18
LaTeX Info: Redefining \[ on input line 2735.
LaTeX Info: Redefining \] on input line 2736.
)
(/usr/share/texlive/texmf-dist/tex/latex/amsfonts/amsfonts.sty
Package: amsfonts 2013/01/14 v3.01 Basic AMSFonts support
\symAMSa=\mathgroup4
\symAMSb=\mathgroup5
LaTeX Font Info:    Overwriting math alphabet `\mathfrak' in version `bold'
(Font)                  U/euf/m/n --> U/euf/b/n on input line 106.
)
(/usr/share/texlive/texmf-dist/tex/latex/amsfonts/amssymb.sty
Package: amssymb 2013/01/14 v3.01 AMS font symbols
)
(/usr/share/texlive/texmf-dist/tex/latex/graphics/graphicx.sty
Package: graphicx 2014/10/28 v1.0g Enhanced LaTeX Graphics (DPC,SPQR)

(/usr/share/texlive/texmf-dist/tex/latex/graphics/keyval.sty
Package: keyval 2014/10/28 v1.15 key=value parser (DPC)
\KV@toks@=\toks19
)
(/usr/share/texlive/texmf-dist/tex/latex/graphics/graphics.sty
Package: graphics 2016/01/03 v1.0q Standard LaTeX Graphics (DPC,SPQR)

(/usr/share/texlive/texmf-dist/tex/latex/graphics/trig.sty
Package: trig 2016/01/03 v1.10 sin cos tan (DPC)
)
(/etc/texmf/tex/latex/config/graphics.cfg
File: graphics.cfg 2009/08/28 v1.8 graphics configuration of TeX Live
)
Package graphics Info: Driver file: pdftex.def on input line 95.

(/usr/share/texlive/texmf-dist/tex/latex/pdftex-def/pdftex.def
File: pdftex.def 2011/05/27 v0.06d Graphics/color for pdfTeX

(/usr/share/texlive/texmf-dist/tex/generic/oberdiek/infwarerr.sty
Package: infwarerr 2010/04/08 v1.3 Providing info/warning/error messages (HO)
)
(/usr/share/texlive/texmf-dist/tex/generic/oberdiek/ltxcmds.sty
Package: ltxcmds 2011/11/09 v1.22 LaTeX kernel commands for general use (HO)
)
\Gread@gobject=\count99
))
\Gin@req@height=\dimen112
\Gin@req@width=\dimen113
)
(/usr/share/texlive/texmf-dist/tex/latex/float/float.sty
Package: float 2001/11/08 v1.3d Float enhancements (AL)
\c@float@type=\count100
\float@exts=\toks20
\float@box=\box28
\@float@everytoks=\toks21
\@floatcapt=\box29
)
(/usr/share/texlive/texmf-dist/tex/latex/listings/listings.sty
\lst@mode=\count101
\lst@gtempboxa=\box30
\lst@token=\toks22
\lst@length=\count102
\lst@currlwidth=\dimen114
\lst@column=\count103
\lst@pos=\count104
\lst@lostspace=\dimen115
\lst@width=\dimen116
\lst@newlines=\count105
\lst@lineno=\count106
\lst@maxwidth=\dimen117

(/usr/share/texlive/texmf-dist/tex/latex/listings/lstmisc.sty
File: lstmisc.sty 2015/06/04 1.6 (Carsten Heinz)
\c@lstnumber=\count107
\lst@skipnumbers=\count108
\lst@framebox=\box31
)
(/usr/share/texlive/texmf-dist/tex/latex/listings/listings.cfg
File: listings.cfg 2015/06/04 1.6 listings configuration
))
Package: listings 2015/06/04 1.6 (Carsten Heinz)

(/usr/share/texlive/texmf-dist/tex/latex/rotating/rotating.sty
Package: rotating 2009/03/28 v2.16a rotated objects in LaTeX

(/usr/share/texlive/texmf-dist/tex/latex/base/ifthen.sty
Package: ifthen 2014/09/29 v1.1c Standard LaTeX ifthen package (DPC)
)
\c@r@tfl@t=\count109
\rotFPtop=\skip46
\rotFPbot=\skip47
\rot@float@box=\box32
\rot@mess@toks=\toks23
)
(/usr/share/texlive/texmf-dist/tex/latex/pgf/frontendlayer/tikz.sty
(/usr/share/texlive/texmf-dist/tex/latex/pgf/basiclayer/pgf.sty
(/usr/share/texlive/texmf-dist/tex/latex/pgf/utilities/pgfrcs.sty
(/usr/share/texlive/texmf-dist/tex/generic/pgf/utilities/pgfutil-common.tex
\pgfutil@everybye=\toks24
\pgfutil@tempdima=\dimen118
\pgfutil@tempdimb=\dimen119

(/usr/share/texlive/texmf-dist/tex/generic/pgf/utilities/pgfutil-common-lists.t
ex)) (/usr/share/texlive/texmf-dist/tex/generic/pgf/utilities/pgfutil-latex.def
\pgfutil@abb=\box33
(/usr/share/texlive/texmf-dist/tex/latex/ms/everyshi.sty
Package: everyshi 2001/05/15 v3.00 EveryShipout Package (MS)
))
(/usr/share/texlive/texmf-dist/tex/generic/pgf/utilities/pgfrcs.code.tex
Package: pgfrcs 2015/08/07 v3.0.1a (rcs-revision 1.31)
))
Package: pgf 2015/08/07 v3.0.1a (rcs-revision 1.15)

(/usr/share/texlive/texmf-dist/tex/latex/pgf/basiclayer/pgfcore.sty
(/usr/share/texlive/texmf-dist/tex/latex/pgf/systemlayer/pgfsys.sty
(/usr/share/texlive/texmf-dist/tex/generic/pgf/systemlayer/pgfsys.code.tex
Package: pgfsys 2014/07/09 v3.0.1a (rcs-revision 1.48)

(/usr/share/texlive/texmf-dist/tex/generic/pgf/utilities/pgfkeys.code.tex
\pgfkeys@pathtoks=\toks25
\pgfkeys@temptoks=\toks26

(/usr/share/texlive/texmf-dist/tex/generic/pgf/utilities/pgfkeysfiltered.code.t
ex
\pgfkeys@tmptoks=\toks27
))
\pgf@x=\dimen120
\pgf@y=\dimen121
\pgf@xa=\dimen122
\pgf@ya=\dimen123
\pgf@xb=\dimen124
\pgf@yb=\dimen125
\pgf@xc=\dimen126
\pgf@yc=\dimen127
\w@pgf@writea=\write3
\r@pgf@reada=\read1
\c@pgf@counta=\count110
\c@pgf@countb=\count111
\c@pgf@countc=\count112
\c@pgf@countd=\count113
\t@pgf@toka=\toks28
\t@pgf@tokb=\toks29
\t@pgf@tokc=\toks30
 (/usr/share/texlive/texmf-dist/tex/generic/pgf/systemlayer/pgf.cfg
File: pgf.cfg 2008/05/14  (rcs-revision 1.7)
)
Driver file for pgf: pgfsys-pdftex.def

(/usr/share/texlive/texmf-dist/tex/generic/pgf/systemlayer/pgfsys-pdftex.def
File: pgfsys-pdftex.def 2014/10/11  (rcs-revision 1.35)

(/usr/share/texlive/texmf-dist/tex/generic/pgf/systemlayer/pgfsys-common-pdf.de
f
File: pgfsys-common-pdf.def 2013/10/10  (rcs-revision 1.13)
)))
(/usr/share/texlive/texmf-dist/tex/generic/pgf/systemlayer/pgfsyssoftpath.code.
tex
File: pgfsyssoftpath.code.tex 2013/09/09  (rcs-revision 1.9)
\pgfsyssoftpath@smallbuffer@items=\count114
\pgfsyssoftpath@bigbuffer@items=\count115
)
(/usr/share/texlive/texmf-dist/tex/generic/pgf/systemlayer/pgfsysprotocol.code.
tex
File: pgfsysprotocol.code.tex 2006/10/16  (rcs-revision 1.4)
)) (/usr/share/texlive/texmf-dist/tex/latex/xcolor/xcolor.sty
Package: xcolor 2007/01/21 v2.11 LaTeX color extensions (UK)

(/etc/texmf/tex/latex/config/color.cfg
File: color.cfg 2007/01/18 v1.5 color configuration of teTeX/TeXLive
)
Package xcolor Info: Driver file: pdftex.def on input line 225.
Package xcolor Info: Model `cmy' substituted by `cmy0' on input line 1337.
Package xcolor Info: Model `hsb' substituted by `rgb' on input line 1341.
Package xcolor Info: Model `RGB' extended on input line 1353.
Package xcolor Info: Model `HTML' substituted by `rgb' on input line 1355.
Package xcolor Info: Model `Hsb' substituted by `hsb' on input line 1356.
Package xcolor Info: Model `tHsb' substituted by `hsb' on input line 1357.
Package xcolor Info: Model `HSB' substituted by `hsb' on input line 1358.
Package xcolor Info: Model `Gray' substituted by `gray' on input line 1359.
Package xcolor Info: Model `wave' substituted by `hsb' on input line 1360.
)
(/usr/share/texlive/texmf-dist/tex/generic/pgf/basiclayer/pgfcore.code.tex
Package: pgfcore 2010/04/11 v3.0.1a (rcs-revision 1.7)

(/usr/share/texlive/texmf-dist/tex/generic/pgf/math/pgfmath.code.tex
(/usr/share/texlive/texmf-dist/tex/generic/pgf/math/pgfmathcalc.code.tex
(/usr/share/texlive/texmf-dist/tex/generic/pgf/math/pgfmathutil.code.tex)
(/usr/share/texlive/texmf-dist/tex/generic/pgf/math/pgfmathparser.code.tex
\pgfmath@dimen=\dimen128
\pgfmath@count=\count116
\pgfmath@box=\box34
\pgfmath@toks=\toks31
\pgfmath@stack@operand=\toks32
\pgfmath@stack@operation=\toks33
)
(/usr/share/texlive/texmf-dist/tex/generic/pgf/math/pgfmathfunctions.code.tex
(/usr/share/texlive/texmf-dist/tex/generic/pgf/math/pgfmathfunctions.basic.code
.tex)
(/usr/share/texlive/texmf-dist/tex/generic/pgf/math/pgfmathfunctions.trigonomet
ric.code.tex)
(/usr/share/texlive/texmf-dist/tex/generic/pgf/math/pgfmathfunctions.random.cod
e.tex)
(/usr/share/texlive/texmf-dist/tex/generic/pgf/math/pgfmathfunctions.comparison
.code.tex)
(/usr/share/texlive/texmf-dist/tex/generic/pgf/math/pgfmathfunctions.base.code.
tex)
(/usr/share/texlive/texmf-dist/tex/generic/pgf/math/pgfmathfunctions.round.code
.tex)
(/usr/share/texlive/texmf-dist/tex/generic/pgf/math/pgfmathfunctions.misc.code.
tex)
(/usr/share/texlive/texmf-dist/tex/generic/pgf/math/pgfmathfunctions.integerari
thmetics.code.tex)))
(/usr/share/texlive/texmf-dist/tex/generic/pgf/math/pgfmathfloat.code.tex
\c@pgfmathroundto@lastzeros=\count117
))
(/usr/share/texlive/texmf-dist/tex/generic/pgf/basiclayer/pgfcorepoints.code.te
x
File: pgfcorepoints.code.tex 2013/10/07  (rcs-revision 1.27)
\pgf@picminx=\dimen129
\pgf@picmaxx=\dimen130
\pgf@picminy=\dimen131
\pgf@picmaxy=\dimen132
\pgf@pathminx=\dimen133
\pgf@pathmaxx=\dimen134
\pgf@pathminy=\dimen135
\pgf@pathmaxy=\dimen136
\pgf@xx=\dimen137
\pgf@xy=\dimen138
\pgf@yx=\dimen139
\pgf@yy=\dimen140
\pgf@zx=\dimen141
\pgf@zy=\dimen142
)
(/usr/share/texlive/texmf-dist/tex/generic/pgf/basiclayer/pgfcorepathconstruct.
code.tex
File: pgfcorepathconstruct.code.tex 2013/10/07  (rcs-revision 1.29)
\pgf@path@lastx=\dimen143
\pgf@path@lasty=\dimen144
)
(/usr/share/texlive/texmf-dist/tex/generic/pgf/basiclayer/pgfcorepathusage.code
.tex
File: pgfcorepathusage.code.tex 2014/11/02  (rcs-revision 1.24)
\pgf@shorten@end@additional=\dimen145
\pgf@shorten@start@additional=\dimen146
)
(/usr/share/texlive/texmf-dist/tex/generic/pgf/basiclayer/pgfcorescopes.code.te
x
File: pgfcorescopes.code.tex 2015/05/08  (rcs-revision 1.46)
\pgfpic=\box35
\pgf@hbox=\box36
\pgf@layerbox@main=\box37
\pgf@picture@serial@count=\count118
)
(/usr/share/texlive/texmf-dist/tex/generic/pgf/basiclayer/pgfcoregraphicstate.c
ode.tex
File: pgfcoregraphicstate.code.tex 2014/11/02  (rcs-revision 1.12)
\pgflinewidth=\dimen147
)
(/usr/share/texlive/texmf-dist/tex/generic/pgf/basiclayer/pgfcoretransformation
s.code.tex
File: pgfcoretransformations.code.tex 2015/08/07  (rcs-revision 1.20)
\pgf@pt@x=\dimen148
\pgf@pt@y=\dimen149
\pgf@pt@temp=\dimen150
)
(/usr/share/texlive/texmf-dist/tex/generic/pgf/basiclayer/pgfcorequick.code.tex
File: pgfcorequick.code.tex 2008/10/09  (rcs-revision 1.3)
)
(/usr/share/texlive/texmf-dist/tex/generic/pgf/basiclayer/pgfcoreobjects.code.t
ex
File: pgfcoreobjects.code.tex 2006/10/11  (rcs-revision 1.2)
)
(/usr/share/texlive/texmf-dist/tex/generic/pgf/basiclayer/pgfcorepathprocessing
.code.tex
File: pgfcorepathprocessing.code.tex 2013/09/09  (rcs-revision 1.9)
)
(/usr/share/texlive/texmf-dist/tex/generic/pgf/basiclayer/pgfcorearrows.code.te
x
File: pgfcorearrows.code.tex 2015/05/14  (rcs-revision 1.43)
\pgfarrowsep=\dimen151
)
(/usr/share/texlive/texmf-dist/tex/generic/pgf/basiclayer/pgfcoreshade.code.tex
File: pgfcoreshade.code.tex 2013/07/15  (rcs-revision 1.15)
\pgf@max=\dimen152
\pgf@sys@shading@range@num=\count119
)
(/usr/share/texlive/texmf-dist/tex/generic/pgf/basiclayer/pgfcoreimage.code.tex
File: pgfcoreimage.code.tex 2013/07/15  (rcs-revision 1.18)

(/usr/share/texlive/texmf-dist/tex/generic/pgf/basiclayer/pgfcoreexternal.code.
tex
File: pgfcoreexternal.code.tex 2014/07/09  (rcs-revision 1.21)
\pgfexternal@startupbox=\box38
))
(/usr/share/texlive/texmf-dist/tex/generic/pgf/basiclayer/pgfcorelayers.code.te
x
File: pgfcorelayers.code.tex 2013/07/18  (rcs-revision 1.7)
)
(/usr/share/texlive/texmf-dist/tex/generic/pgf/basiclayer/pgfcoretransparency.c
ode.tex
File: pgfcoretransparency.code.tex 2013/09/30  (rcs-revision 1.5)
)
(/usr/share/texlive/texmf-dist/tex/generic/pgf/basiclayer/pgfcorepatterns.code.
tex
File: pgfcorepatterns.code.tex 2013/11/07  (rcs-revision 1.5)
)))
(/usr/share/texlive/texmf-dist/tex/generic/pgf/modules/pgfmoduleshapes.code.tex
File: pgfmoduleshapes.code.tex 2014/03/21  (rcs-revision 1.35)
\pgfnodeparttextbox=\box39
) (/usr/share/texlive/texmf-dist/tex/generic/pgf/modules/pgfmoduleplot.code.tex
File: pgfmoduleplot.code.tex 2015/08/03  (rcs-revision 1.13)
)
(/usr/share/texlive/texmf-dist/tex/latex/pgf/compatibility/pgfcomp-version-0-65
.sty
Package: pgfcomp-version-0-65 2007/07/03 v3.0.1a (rcs-revision 1.7)
\pgf@nodesepstart=\dimen153
\pgf@nodesepend=\dimen154
)
(/usr/share/texlive/texmf-dist/tex/latex/pgf/compatibility/pgfcomp-version-1-18
.sty
Package: pgfcomp-version-1-18 2007/07/23 v3.0.1a (rcs-revision 1.1)
)) (/usr/share/texlive/texmf-dist/tex/latex/pgf/utilities/pgffor.sty
(/usr/share/texlive/texmf-dist/tex/latex/pgf/utilities/pgfkeys.sty
(/usr/share/texlive/texmf-dist/tex/generic/pgf/utilities/pgfkeys.code.tex))
(/usr/share/texlive/texmf-dist/tex/latex/pgf/math/pgfmath.sty
(/usr/share/texlive/texmf-dist/tex/generic/pgf/math/pgfmath.code.tex))
(/usr/share/texlive/texmf-dist/tex/generic/pgf/utilities/pgffor.code.tex
Package: pgffor 2013/12/13 v3.0.1a (rcs-revision 1.25)

(/usr/share/texlive/texmf-dist/tex/generic/pgf/math/pgfmath.code.tex)
\pgffor@iter=\dimen155
\pgffor@skip=\dimen156
\pgffor@stack=\toks34
\pgffor@toks=\toks35
))
(/usr/share/texlive/texmf-dist/tex/generic/pgf/frontendlayer/tikz/tikz.code.tex
Package: tikz 2015/08/07 v3.0.1a (rcs-revision 1.151)

(/usr/share/texlive/texmf-dist/tex/generic/pgf/libraries/pgflibraryplothandlers
.code.tex
File: pgflibraryplothandlers.code.tex 2013/08/31 v3.0.1a (rcs-revision 1.20)
\pgf@plot@mark@count=\count120
\pgfplotmarksize=\dimen157
)
\tikz@lastx=\dimen158
\tikz@lasty=\dimen159
\tikz@lastxsaved=\dimen160
\tikz@lastysaved=\dimen161
\tikzleveldistance=\dimen162
\tikzsiblingdistance=\dimen163
\tikz@figbox=\box40
\tikz@figbox@bg=\box41
\tikz@tempbox=\box42
\tikz@tempbox@bg=\box43
\tikztreelevel=\count121
\tikznumberofchildren=\count122
\tikznumberofcurrentchild=\count123
\tikz@fig@count=\count124

(/usr/share/texlive/texmf-dist/tex/generic/pgf/modules/pgfmodulematrix.code.tex
File: pgfmodulematrix.code.tex 2013/09/17  (rcs-revision 1.8)
\pgfmatrixcurrentrow=\count125
\pgfmatrixcurrentcolumn=\count126
\pgf@matrix@numberofcolumns=\count127
)
\tikz@expandcount=\count128

(/usr/share/texlive/texmf-dist/tex/generic/pgf/frontendlayer/tikz/libraries/tik
zlibrarytopaths.code.tex
File: tikzlibrarytopaths.code.tex 2008/06/17 v3.0.1a (rcs-revision 1.2)
)))
(/usr/share/texlive/texmf-dist/tex/latex/tools/verbatim.sty
Package: verbatim 2014/10/28 v1.5q LaTeX2e package for verbatim enhancements
\every@verbatim=\toks36
\verbatim@line=\toks37
\verbatim@in@stream=\read2
){/var/lib/texmf/fonts/map/pdftex/updmap/pdftex.map}{Unicode.sfd} (./doc.aux)
\openout1 = `doc.aux'.

LaTeX Font Info:    Checking defaults for OML/cmm/m/it on input line 15.
LaTeX Font Info:    ... okay on input line 15.
LaTeX Font Info:    Checking defaults for T1/cmr/m/n on input line 15.
LaTeX Font Info:    ... okay on input line 15.
LaTeX Font Info:    Checking defaults for OT1/cmr/m/n on input line 15.
LaTeX Font Info:    ... okay on input line 15.
LaTeX Font Info:    Checking defaults for OMS/cmsy/m/n on input line 15.
LaTeX Font Info:    ... okay on input line 15.
LaTeX Font Info:    Checking defaults for OMX/cmex/m/n on input line 15.
LaTeX Font Info:    ... okay on input line 15.
LaTeX Font Info:    Checking defaults for U/cmr/m/n on input line 15.
LaTeX Font Info:    ... okay on input line 15.

(/usr/share/texlive/texmf-dist/tex/context/base/supp-pdf.mkii
[Loading MPS to PDF converter (version 2006.09.02).]
\scratchcounter=\count129
\scratchdimen=\dimen164
\scratchbox=\box44
\nofMPsegments=\count130
\nofMParguments=\count131
\everyMPshowfont=\toks38
\MPscratchCnt=\count132
\MPscratchDim=\dimen165
\MPnumerator=\count133
\makeMPintoPDFobject=\count134
\everyMPtoPDFconversion=\toks39
)
\c@lstlisting=\count135
 ABD: EveryShipout initializing macros
LaTeX Font Info:    Try loading font information for U+msa on input line 20.

(/usr/share/texlive/texmf-dist/tex/latex/amsfonts/umsa.fd
File: umsa.fd 2013/01/14 v3.01 AMS symbols A
)
LaTeX Font Info:    Try loading font information for U+msb on input line 20.

(/usr/share/texlive/texmf-dist/tex/latex/amsfonts/umsb.fd
File: umsb.fd 2013/01/14 v3.01 AMS symbols B
) (./doc.toc)
\tf@toc=\write4
\openout4 = `doc.toc'.


(./miniframe.tex
Underfull \hbox (badness 10000) in paragraph at lines 3--4

 []

[1

]
Overfull \hbox (88.51167pt too wide) in paragraph at lines 5--6
\OT1/cmr/m/n/12 by im-ple-ment-ing the set of func-tions in files \OT1/cmtt/m/n
/12 miniframe-model.h\OT1/cmr/m/n/12 , \OT1/cmtt/m/n/12 miniframe-inline-model.
c
 []


Underfull \hbox (badness 10000) in paragraph at lines 5--6

 []


Underfull \hbox (badness 10000) in paragraph at lines 7--8

 []


Underfull \hbox (badness 10000) in paragraph at lines 9--10

 []


Underfull \hbox (badness 10000) in paragraph at lines 11--12

 []


Underfull \hbox (badness 10000) in paragraph at lines 13--14

 []


Underfull \hbox (badness 10000) in paragraph at lines 15--16

 []

File: /home/bayashi/GitHub/MiniFrame/miniframe.h  (verbatim)
[2] [3] [4] [5] [6] [7] [8] [9]
File: /home/bayashi/GitHub/MiniFrame/miniframe.c  (verbatim)
 [10] [11] [12] [13] [14] [15] [16] [17]
[18] [19] [20] [21] [22] [23] [24] [25] [26] [27] [28] [29]
File: /home/bayashi/GitHub/MiniFrame/miniframe-inline.c  (verbatim)
 [30] [31] [32]
[33] [34] [35] [36] [37] [38] [39] [40]
File: /home/bayashi/GitHub/MiniFrame/Makefile  (verbatim)
 [41]
Overfull \hbox (812.76727pt too wide) in paragraph at lines 49--49
[]\OT1/cmtt/m/n/8 if [ ! -d ../PBMake ]; then wget https://github.com/BayashiPa
scal/PBMake/archive/master.zip; unzip master.zip; rm -f master.zip; sed -i 's@R
OOT_DIR=.*@ROOT_DIR='"`pwd | awk -F/ 'NF{NF-=1};1' | sed --expression='s@ @/@g'
`"'@' PBMake-master/Makefile.inc; mv PBMake-master ../PBMake; fi[] 
 []


Overfull \hbox (273.00952pt too wide) in paragraph at lines 49--49
[]\OT1/cmtt/m/n/8 $(COMPILER) `echo "$($(repo)_EXE_DEP) $($(repo)_EXENAME).o" |
 tr ' ' '\n' | sort -u` miniframe-model.o $(LINK_ARG) $($(repo)_LINK_ARG) -o $(
$(repo)_EXENAME)[] 
 []


Overfull \hbox (532.26324pt too wide) in paragraph at lines 49--49
[]\OT1/cmtt/m/n/8 $(COMPILER) $(BUILD_ARG) $($(repo)_BUILD_ARG) `echo "$($(repo
)_INC_DIR)" | tr ' ' '\n' | sort -u` -c $($(repo)_DIR)/$($(repo)_EXENAME).c; rm
 $($(repo)_DIR)/miniframe-model.h; rm $($(repo)_DIR)/miniframe-inline-model.c[]
 
 []


Overfull \hbox (324.01025pt too wide) in paragraph at lines 49--49
[]\OT1/cmtt/m/n/8 ln -s -f $(MF_MODEL_PATH)/miniframe-model.h $($(repo)_DIR)/mi
niframe-model.h; ln -s -f $(MF_MODEL_PATH)/miniframe-inline-model.c $($(repo)_D
IR)/miniframe-inline-model.c[] 
 []

File: /home/bayashi/GitHub/MiniFrame/main.c  (verbatim)
[42] [43] [44] [45] [46] [47] [48] [49] [50]
File: /home/bayashi/GitHub/MiniFrame/unitTestRef.txt  (verbatim)
 [51]
Overfull \hbox (43.50623pt too wide) in paragraph at lines 65--65
[]  \OT1/cmtt/m/n/8 0) transition from (step:0 pos:0 tgt:2) to (step:1 pos:-1 t
gt:2) through (move:-1) values[-0.000000][] 
 []


Overfull \hbox (35.0061pt too wide) in paragraph at lines 65--65
[]  \OT1/cmtt/m/n/8 1) transition from (step:0 pos:0 tgt:2) to (step:1 pos:0 tg
t:2) through (move:0) values[-0.000000][] 
 []


Overfull \hbox (35.0061pt too wide) in paragraph at lines 65--65
[]  \OT1/cmtt/m/n/8 2) transition from (step:0 pos:0 tgt:2) to (step:1 pos:1 tg
t:2) through (move:1) values[-0.000000][] 
 []


Overfull \hbox (39.25616pt too wide) in paragraph at lines 65--65
[]  \OT1/cmtt/m/n/8 0) transition from (step:1 pos:1 tgt:2) to (step:0 pos:0 tg
t:2) through (move:-1) values[-0.000010][] 
 []


Overfull \hbox (35.0061pt too wide) in paragraph at lines 65--65
[]  \OT1/cmtt/m/n/8 1) transition from (step:1 pos:1 tgt:2) to (step:2 pos:1 tg
t:2) through (move:0) values[-0.000000][] 
 []


Overfull \hbox (35.0061pt too wide) in paragraph at lines 65--65
[]  \OT1/cmtt/m/n/8 2) transition from (step:1 pos:1 tgt:2) to (step:2 pos:2 tg
t:2) through (move:1) values[-0.000000][] 
 []


Overfull \hbox (39.25616pt too wide) in paragraph at lines 65--65
[]  \OT1/cmtt/m/n/8 0) transition from (step:2 pos:1 tgt:2) to (step:0 pos:0 tg
t:2) through (move:-1) values[-0.000000][] 
 []


Overfull \hbox (35.0061pt too wide) in paragraph at lines 65--65
[]  \OT1/cmtt/m/n/8 1) transition from (step:2 pos:1 tgt:2) to (step:1 pos:1 tg
t:2) through (move:0) values[-0.000000][] 
 []


Overfull \hbox (35.0061pt too wide) in paragraph at lines 65--65
[]  \OT1/cmtt/m/n/8 2) transition from (step:2 pos:1 tgt:2) to (step:2 pos:2 tg
t:2) through (move:1) values[-0.000000][] 
 []


Overfull \hbox (43.50623pt too wide) in paragraph at lines 65--65
[]  \OT1/cmtt/m/n/8 0) transition from (step:1 pos:0 tgt:2) to (step:1 pos:-1 t
gt:2) through (move:-1) values[-0.000000][] 
 []


Overfull \hbox (35.0061pt too wide) in paragraph at lines 65--65
[]  \OT1/cmtt/m/n/8 1) transition from (step:1 pos:0 tgt:2) to (step:0 pos:0 tg
t:2) through (move:0) values[-0.000000][] 
 []


Overfull \hbox (35.0061pt too wide) in paragraph at lines 65--65
[]  \OT1/cmtt/m/n/8 2) transition from (step:1 pos:0 tgt:2) to (step:1 pos:1 tg
t:2) through (move:1) values[-0.000000][] 
 []


Overfull \hbox (47.75629pt too wide) in paragraph at lines 65--65
[]  \OT1/cmtt/m/n/8 0) transition from (step:1 pos:-1 tgt:2) to (step:2 pos:-2 
tgt:2) through (move:-1) values[-0.000000][] 
 []


Overfull \hbox (43.50623pt too wide) in paragraph at lines 65--65
[]  \OT1/cmtt/m/n/8 1) transition from (step:1 pos:-1 tgt:2) to (step:2 pos:-1 
tgt:2) through (move:0) values[-0.000000][] 
 []


Overfull \hbox (39.25616pt too wide) in paragraph at lines 65--65
[]  \OT1/cmtt/m/n/8 2) transition from (step:1 pos:-1 tgt:2) to (step:0 pos:0 t
gt:2) through (move:1) values[-0.000000][] 
 []


Overfull \hbox (47.75629pt too wide) in paragraph at lines 65--65
[]  \OT1/cmtt/m/n/8 0) transition from (step:2 pos:-1 tgt:2) to (step:2 pos:-2 
tgt:2) through (move:-1) values[-0.000000][] 
 []


Overfull \hbox (43.50623pt too wide) in paragraph at lines 65--65
[]  \OT1/cmtt/m/n/8 1) transition from (step:2 pos:-1 tgt:2) to (step:1 pos:-1 
tgt:2) through (move:0) values[-0.000000][] 
 []


Overfull \hbox (39.25616pt too wide) in paragraph at lines 65--65
[]  \OT1/cmtt/m/n/8 2) transition from (step:2 pos:-1 tgt:2) to (step:0 pos:0 t
gt:2) through (move:1) values[-0.000000][] 
 []


Overfull \hbox (43.50623pt too wide) in paragraph at lines 65--65
[]  \OT1/cmtt/m/n/8 1) transition from (step:2 pos:-2 tgt:2) to (step:3 pos:-2 
tgt:2) through (move:0) values[-0.000000][] 
 []


Overfull \hbox (43.50623pt too wide) in paragraph at lines 65--65
[]  \OT1/cmtt/m/n/8 2) transition from (step:2 pos:-2 tgt:2) to (step:1 pos:-1 
tgt:2) through (move:1) values[-0.000000][] 
 []


Overfull \hbox (43.50623pt too wide) in paragraph at lines 65--65
[]  \OT1/cmtt/m/n/8 1) transition from (step:3 pos:-2 tgt:2) to (step:2 pos:-2 
tgt:2) through (move:0) values[-0.000000][] 
 []


Overfull \hbox (43.50623pt too wide) in paragraph at lines 65--65
[]  \OT1/cmtt/m/n/8 2) transition from (step:3 pos:-2 tgt:2) to (step:1 pos:-1 
tgt:2) through (move:1) values[-0.000000][] 
 []

File: /home/bayashi/GitHub/MiniFrame/Examples/BasicExample/miniframe-model.h  (
verbatim)
[52] [53] [54]
File: /home/bayashi/GitHub/MiniFrame/Examples/BasicExample/miniframe-model.c  (
verbatim)
 [55] [56] [57] [58] [59]
File: /home/bayashi/GitHub/MiniFrame/Examples/BasicExample/miniframe-inline-mod
el.c  (verbatim)
File: /home/bayashi/GitHub/MiniFrame/Examples/Oware/miniframe-model.h  (verbati
m)
 [60] [61]
File: /home/bayashi/GitHub/MiniFrame/Examples/Oware/miniframe-model.c  (verbati
m)
 [62] [63] [64] [65] [66]
[67] [68]
File: /home/bayashi/GitHub/MiniFrame/Examples/Oware/miniframe-inline-model.c  (
verbatim)
 [69]
File: /home/bayashi/GitHub/MiniFrame/Examples/Oware/main.c  (verbatim)
 [70] [71] [72] [73]
Overfull \hbox (56.25641pt too wide) in paragraph at lines 127--127
[]      \OT1/cmtt/m/n/8 fprintf(stderr, "Epoch %05d/%05d Game %03d/%03d (bestel
o(%ld) %f[%f], pretender(%ld) %f[%f])   \r",[] 
 []


Overfull \hbox (154.00781pt too wide) in paragraph at lines 127--127
[]        \OT1/cmtt/m/n/8 iEpoch + 1, nbEpoch, iGame + 1, nbGameEpoch, idBest, 
eloBest, eloSoftBest, idPretender, eloPretender, eloSoftPretender);[] 
 []

[74] [75]
File: /home/bayashi/GitHub/MiniFrame/Examples/Oware/Makefile  (verbatim)
 [76]
Overfull \hbox (379.26105pt too wide) in paragraph at lines 135--135
[]\OT1/cmtt/m/n/8 MODEL_INC_DIR=-I$(ROOT_DIR)/PBErr -I$(ROOT_DIR)/GenAlg -I$(RO
OT_DIR)/NeuraNet -I$(ROOT_DIR)/PBMath -I$(ROOT_DIR)/PBJson -I$(ROOT_DIR)/GTree 
 -I$(ROOT_DIR)/GSet -I$(ROOT_DIR)/ELORank[] 
 []


Overfull \hbox (659.76508pt too wide) in paragraph at lines 135--135
[]\OT1/cmtt/m/n/8 $(COMPILER) `echo "$(miniframe_EXE_DEP) main.o" | tr ' ' '\n'
 | sort -u` miniframe-model.o neuranet.o genalg.o elorank.o $(LINK_ARG) $(minif
rame_LINK_ARG) -o main; rm $(miniframe_DIR)/miniframe-model.h; rm $(miniframe_D
IR)/miniframe-inline-model.c[] 
 []


Overfull \hbox (154.00781pt too wide) in paragraph at lines 135--135
[]\OT1/cmtt/m/n/8 $(COMPILER) $(BUILD_ARG) $(MODEL_INC_DIR) $(miniframe_BUILD_A
RG) `echo "$(miniframe_INC_DIR)" | tr ' ' '\n' | sort -u` -c main.c[] 
 []


Overfull \hbox (341.0105pt too wide) in paragraph at lines 135--135
[]\OT1/cmtt/m/n/8 ln -s -f $(MF_MODEL_PATH)/miniframe-model.h $(miniframe_DIR)/
miniframe-model.h; ln -s -f $(MF_MODEL_PATH)/miniframe-inline-model.c $(minifra
me_DIR)/miniframe-inline-model.c[] 
 []


Overfull \hbox (171.00806pt too wide) in paragraph at lines 135--135
[]\OT1/cmtt/m/n/8 while true; do tail -n 100 ~/GitHub/MiniFrame/Examples/Oware/
res.txt | mail -s "oware"  pascalbayashi@docomo.ne.jp; sleep 3600; done[] 
 []


Underfull \hbox (badness 10000) in paragraph at lines 141--144

 []

File: /home/bayashi/GitHub/MiniFrame/Examples/Oware/exampleGame.txt  (verbatim)

[77] [78] [79]
Underfull \hbox (badness 10000) in paragraph at lines 148--151

 []

File: /home/bayashi/GitHub/MiniFrame/Examples/Oware/training.txt  (verbatim)

Overfull \hbox (52.00635pt too wide) in paragraph at lines 151--151
[]\OT1/cmtt/m/n/8 Epoch 00001/00200 Game 1500/1500 (bestelo(13) 122.146553[81.1
11359], pretender(14) 99.085320[59.684116])[] 
 []


Overfull \hbox (60.50647pt too wide) in paragraph at lines 151--151
[]\OT1/cmtt/m/n/8 Epoch 00002/00200 Game 1500/1500 (bestelo(14) 132.238266[92.0
06256], pretender(13) 122.146553[100.888786])[] 
 []


Overfull \hbox (64.75653pt too wide) in paragraph at lines 151--151
[]\OT1/cmtt/m/n/8 Epoch 00003/00200 Game 1500/1500 (bestelo(14) 128.846130[108.
057419], pretender(13) 122.146553[110.515205])[] 
 []


Overfull \hbox (64.75653pt too wide) in paragraph at lines 151--151
[]\OT1/cmtt/m/n/8 Epoch 00004/00200 Game 1500/1500 (bestelo(55) 158.441742[101.
968292], pretender(154) 153.004211[89.834274])[] 
 []


Overfull \hbox (69.00659pt too wide) in paragraph at lines 151--151
[]\OT1/cmtt/m/n/8 Epoch 00005/00200 Game 1500/1500 (bestelo(13) 212.469742[141.
901993], pretender(154) 194.512772[130.011948])[] 
 []

[80]
Overfull \hbox (69.00659pt too wide) in paragraph at lines 151--151
[]\OT1/cmtt/m/n/8 Epoch 00006/00200 Game 1500/1500 (bestelo(13) 212.469742[170.
625549], pretender(154) 176.528778[152.843689])[] 
 []


Overfull \hbox (69.00659pt too wide) in paragraph at lines 151--151
[]\OT1/cmtt/m/n/8 Epoch 00007/00200 Game 1500/1500 (bestelo(13) 212.469742[188.
151657], pretender(243) 208.470062[136.641449])[] 
 []


Overfull \hbox (69.00659pt too wide) in paragraph at lines 151--151
[]\OT1/cmtt/m/n/8 Epoch 00008/00200 Game 1500/1500 (bestelo(13) 212.469742[199.
297424], pretender(243) 175.513336[165.571426])[] 
 []


Overfull \hbox (69.00659pt too wide) in paragraph at lines 151--151
[]\OT1/cmtt/m/n/8 Epoch 00009/00200 Game 1500/1500 (bestelo(243) 213.357773[180
.427261], pretender(13) 212.469742[205.546875])[] 
 []


Overfull \hbox (69.00659pt too wide) in paragraph at lines 151--151
[]\OT1/cmtt/m/n/8 Epoch 00010/00200 Game 1500/1500 (bestelo(13) 212.469742[209.
009842], pretender(243) 206.147369[196.499161])[] 
 []


Overfull \hbox (69.00659pt too wide) in paragraph at lines 151--151
[]\OT1/cmtt/m/n/8 Epoch 00011/00200 Game 1500/1500 (bestelo(13) 212.469742[210.
459351], pretender(243) 207.487030[197.235703])[] 
 []


Overfull \hbox (69.00659pt too wide) in paragraph at lines 151--151
[]\OT1/cmtt/m/n/8 Epoch 00012/00200 Game 1500/1500 (bestelo(330) 216.395081[159
.325104], pretender(13) 212.469742[211.402878])[] 
 []


Overfull \hbox (69.00659pt too wide) in paragraph at lines 151--151
[]\OT1/cmtt/m/n/8 Epoch 00013/00200 Game 1500/1500 (bestelo(13) 212.469742[211.
856293], pretender(346) 195.739639[164.121933])[] 
 []


Overfull \hbox (69.00659pt too wide) in paragraph at lines 151--151
[]\OT1/cmtt/m/n/8 Epoch 00014/00200 Game 1500/1500 (bestelo(13) 212.469742[212.
169662], pretender(330) 192.361740[178.079391])[] 
 []


Overfull \hbox (69.00659pt too wide) in paragraph at lines 151--151
[]\OT1/cmtt/m/n/8 Epoch 00015/00200 Game 1500/1500 (bestelo(13) 212.469742[212.
302612], pretender(243) 188.059555[181.082581])[] 
 []


Overfull \hbox (69.00659pt too wide) in paragraph at lines 151--151
[]\OT1/cmtt/m/n/8 Epoch 00016/00200 Game 1500/1500 (bestelo(13) 212.469742[212.
373047], pretender(243) 172.111313[179.831268])[] 
 []


Overfull \hbox (69.00659pt too wide) in paragraph at lines 151--151
[]\OT1/cmtt/m/n/8 Epoch 00017/00200 Game 1500/1500 (bestelo(13) 212.469742[212.
417252], pretender(243) 177.903946[179.042343])[] 
 []


Overfull \hbox (69.00659pt too wide) in paragraph at lines 151--151
[]\OT1/cmtt/m/n/8 Epoch 00018/00200 Game 1500/1500 (bestelo(13) 212.469742[212.
439926], pretender(243) 212.137985[184.109634])[] 
 []


Overfull \hbox (69.00659pt too wide) in paragraph at lines 151--151
[]\OT1/cmtt/m/n/8 Epoch 00019/00200 Game 1500/1500 (bestelo(13) 212.469742[212.
455780], pretender(588) 190.197067[159.970459])[] 
 []


Overfull \hbox (69.00659pt too wide) in paragraph at lines 151--151
[]\OT1/cmtt/m/n/8 Epoch 00020/00200 Game 1500/1500 (bestelo(13) 212.469742[212.
461655], pretender(767) 190.128540[102.954498])[] 
 []


Overfull \hbox (69.00659pt too wide) in paragraph at lines 151--151
[]\OT1/cmtt/m/n/8 Epoch 00021/00200 Game 1500/1500 (bestelo(13) 212.469742[212.
465729], pretender(767) 173.281555[138.470306])[] 
 []


Overfull \hbox (69.00659pt too wide) in paragraph at lines 151--151
[]\OT1/cmtt/m/n/8 Epoch 00022/00200 Game 1500/1500 (bestelo(13) 212.469742[212.
468079], pretender(767) 162.882065[157.949875])[] 
 []


Overfull \hbox (69.00659pt too wide) in paragraph at lines 151--151
[]\OT1/cmtt/m/n/8 Epoch 00023/00200 Game 1500/1500 (bestelo(13) 212.469742[212.
469284], pretender(767) 160.066147[154.043991])[] 
 []


Overfull \hbox (69.00659pt too wide) in paragraph at lines 151--151
[]\OT1/cmtt/m/n/8 Epoch 00024/00200 Game 1500/1500 (bestelo(13) 212.469742[212.
469727], pretender(850) 159.305618[135.047058])[] 
 []


Overfull \hbox (69.00659pt too wide) in paragraph at lines 151--151
[]\OT1/cmtt/m/n/8 Epoch 00025/00200 Game 1500/1500 (bestelo(13) 212.469742[212.
469727], pretender(850) 163.542587[148.359497])[] 
 []


Overfull \hbox (69.00659pt too wide) in paragraph at lines 151--151
[]\OT1/cmtt/m/n/8 Epoch 00026/00200 Game 1500/1500 (bestelo(13) 212.469742[212.
469727], pretender(970) 140.878983[103.932953])[] 
 []


Overfull \hbox (69.00659pt too wide) in paragraph at lines 151--151
[]\OT1/cmtt/m/n/8 Epoch 00027/00200 Game 1500/1500 (bestelo(13) 212.469742[212.
469727], pretender(767) 168.376816[156.557953])[] 
 []


Overfull \hbox (69.00659pt too wide) in paragraph at lines 151--151
[]\OT1/cmtt/m/n/8 Epoch 00028/00200 Game 1500/1500 (bestelo(13) 212.469742[212.
469727], pretender(767) 160.293274[162.335175])[] 
 []


Overfull \hbox (73.25665pt too wide) in paragraph at lines 151--151
[]\OT1/cmtt/m/n/8 Epoch 00029/00200 Game 1500/1500 (bestelo(13) 212.469742[212.
469727], pretender(1050) 151.816498[115.795792])[] 
 []


Overfull \hbox (69.00659pt too wide) in paragraph at lines 151--151
[]\OT1/cmtt/m/n/8 Epoch 00030/00200 Game 1500/1500 (bestelo(13) 212.469742[212.
469727], pretender(767) 174.624161[162.007263])[] 
 []


Overfull \hbox (69.00659pt too wide) in paragraph at lines 151--151
[]\OT1/cmtt/m/n/8 Epoch 00031/00200 Game 1500/1500 (bestelo(13) 212.469742[212.
469727], pretender(767) 175.773056[164.110138])[] 
 []


Overfull \hbox (73.25665pt too wide) in paragraph at lines 151--151
[]\OT1/cmtt/m/n/8 Epoch 00032/00200 Game 1500/1500 (bestelo(13) 212.469742[212.
469727], pretender(1171) 175.312347[134.694519])[] 
 []


Overfull \hbox (73.25665pt too wide) in paragraph at lines 151--151
[]\OT1/cmtt/m/n/8 Epoch 00033/00200 Game 1500/1500 (bestelo(1171) 213.460297[16
0.059586], pretender(13) 212.469742[212.469727])[] 
 []


Overfull \hbox (73.25665pt too wide) in paragraph at lines 151--151
[]\OT1/cmtt/m/n/8 Epoch 00034/00200 Game 1500/1500 (bestelo(13) 212.469742[212.
469727], pretender(1171) 180.805161[171.735779])[] 
 []


Overfull \hbox (73.25665pt too wide) in paragraph at lines 151--151
[]\OT1/cmtt/m/n/8 Epoch 00035/00200 Game 1500/1500 (bestelo(13) 212.469742[212.
469727], pretender(1303) 179.550095[127.008919])[] 
 []

[81]
Overfull \hbox (73.25665pt too wide) in paragraph at lines 151--151
[]\OT1/cmtt/m/n/8 Epoch 00036/00200 Game 1500/1500 (bestelo(13) 212.469742[212.
469727], pretender(1303) 178.595383[151.845703])[] 
 []


Overfull \hbox (73.25665pt too wide) in paragraph at lines 151--151
[]\OT1/cmtt/m/n/8 Epoch 00037/00200 Game 1500/1500 (bestelo(13) 212.469742[212.
469727], pretender(1303) 175.319733[157.591614])[] 
 []


Overfull \hbox (69.00659pt too wide) in paragraph at lines 151--151
[]\OT1/cmtt/m/n/8 Epoch 00038/00200 Game 1500/1500 (bestelo(13) 212.469742[212.
469727], pretender(970) 147.775299[121.016525])[] 
 []


Overfull \hbox (73.25665pt too wide) in paragraph at lines 151--151
[]\OT1/cmtt/m/n/8 Epoch 00039/00200 Game 1500/1500 (bestelo(13) 212.469742[212.
469727], pretender(1369) 139.033997[134.641968])[] 
 []


Overfull \hbox (73.25665pt too wide) in paragraph at lines 151--151
[]\OT1/cmtt/m/n/8 Epoch 00040/00200 Game 1500/1500 (bestelo(13) 212.469742[212.
469727], pretender(1538) 151.039322[101.181198])[] 
 []


Overfull \hbox (73.25665pt too wide) in paragraph at lines 151--151
[]\OT1/cmtt/m/n/8 Epoch 00041/00200 Game 1500/1500 (bestelo(13) 212.469742[212.
469727], pretender(1535) 168.711304[113.761696])[] 
 []


Overfull \hbox (73.25665pt too wide) in paragraph at lines 151--151
[]\OT1/cmtt/m/n/8 Epoch 00042/00200 Game 1500/1500 (bestelo(13) 212.469742[212.
469727], pretender(1604) 143.278732[104.563934])[] 
 []


Overfull \hbox (73.25665pt too wide) in paragraph at lines 151--151
[]\OT1/cmtt/m/n/8 Epoch 00043/00200 Game 1500/1500 (bestelo(13) 212.469742[212.
469727], pretender(1303) 155.163742[119.594902])[] 
 []


Overfull \hbox (73.25665pt too wide) in paragraph at lines 151--151
[]\OT1/cmtt/m/n/8 Epoch 00044/00200 Game 1500/1500 (bestelo(13) 212.469742[212.
469727], pretender(1604) 144.583191[121.916214])[] 
 []


Overfull \hbox (73.25665pt too wide) in paragraph at lines 151--151
[]\OT1/cmtt/m/n/8 Epoch 00045/00200 Game 1500/1500 (bestelo(13) 212.469742[212.
469727], pretender(1604) 136.143341[128.964249])[] 
 []


Overfull \hbox (73.25665pt too wide) in paragraph at lines 151--151
[]\OT1/cmtt/m/n/8 Epoch 00046/00200 Game 1500/1500 (bestelo(13) 212.469742[212.
469727], pretender(1604) 163.350449[133.744827])[] 
 []


Overfull \hbox (73.25665pt too wide) in paragraph at lines 151--151
[]\OT1/cmtt/m/n/8 Epoch 00047/00200 Game 1500/1500 (bestelo(13) 212.469742[212.
469727], pretender(1604) 129.967361[138.585617])[] 
 []


Overfull \hbox (73.25665pt too wide) in paragraph at lines 151--151
[]\OT1/cmtt/m/n/8 Epoch 00048/00200 Game 1500/1500 (bestelo(13) 212.469742[212.
469727], pretender(1604) 116.885513[131.981216])[] 
 []


Overfull \hbox (73.25665pt too wide) in paragraph at lines 151--151
[]\OT1/cmtt/m/n/8 Epoch 00049/00200 Game 1500/1500 (bestelo(13) 212.469742[212.
469727], pretender(1604) 143.321136[134.531113])[] 
 []


Overfull \hbox (69.00659pt too wide) in paragraph at lines 151--151
[]\OT1/cmtt/m/n/8 Epoch 00050/00200 Game 1500/1500 (bestelo(13) 212.469742[212.
469727], pretender(1890) 157.214447[98.509590])[] 
 []


Overfull \hbox (73.25665pt too wide) in paragraph at lines 151--151
[]\OT1/cmtt/m/n/8 Epoch 00051/00200 Game 1500/1500 (bestelo(13) 212.469742[212.
469727], pretender(1890) 127.422508[113.054451])[] 
 []


Overfull \hbox (73.25665pt too wide) in paragraph at lines 151--151
[]\OT1/cmtt/m/n/8 Epoch 00052/00200 Game 1500/1500 (bestelo(13) 212.469742[212.
469727], pretender(1303) 146.832291[128.515442])[] 
 []


Overfull \hbox (73.25665pt too wide) in paragraph at lines 151--151
[]\OT1/cmtt/m/n/8 Epoch 00053/00200 Game 1500/1500 (bestelo(13) 212.469742[212.
469727], pretender(1604) 126.790443[126.263489])[] 
 []


Overfull \hbox (73.25665pt too wide) in paragraph at lines 151--151
[]\OT1/cmtt/m/n/8 Epoch 00054/00200 Game 1500/1500 (bestelo(13) 212.469742[212.
469727], pretender(1883) 163.820618[117.960648])[] 
 []


Overfull \hbox (73.25665pt too wide) in paragraph at lines 151--151
[]\OT1/cmtt/m/n/8 Epoch 00055/00200 Game 1500/1500 (bestelo(13) 212.469742[212.
469727], pretender(1604) 186.651398[151.566879])[] 
 []


Overfull \hbox (73.25665pt too wide) in paragraph at lines 151--151
[]\OT1/cmtt/m/n/8 Epoch 00056/00200 Game 1500/1500 (bestelo(13) 212.469742[212.
469727], pretender(1883) 184.797455[143.656555])[] 
 []


Overfull \hbox (73.25665pt too wide) in paragraph at lines 151--151
[]\OT1/cmtt/m/n/8 Epoch 00057/00200 Game 1500/1500 (bestelo(13) 212.469742[212.
469727], pretender(1883) 129.223572[147.557785])[] 
 []


Overfull \hbox (69.00659pt too wide) in paragraph at lines 151--151
[]\OT1/cmtt/m/n/8 Epoch 00058/00200 Game 1500/1500 (bestelo(13) 212.469742[212.
469727], pretender(2307) 133.546722[74.773773])[] 
 []


Overfull \hbox (73.25665pt too wide) in paragraph at lines 151--151
[]\OT1/cmtt/m/n/8 Epoch 00059/00200 Game 1500/1500 (bestelo(13) 212.469742[212.
469727], pretender(2307) 155.578720[113.293015])[] 
 []


Overfull \hbox (73.25665pt too wide) in paragraph at lines 151--151
[]\OT1/cmtt/m/n/8 Epoch 00060/00200 Game 1500/1500 (bestelo(2307) 234.640701[15
4.071945], pretender(13) 212.469742[212.469727])[] 
 []


Overfull \hbox (73.25665pt too wide) in paragraph at lines 151--151
[]\OT1/cmtt/m/n/8 Epoch 00061/00200 Game 1500/1500 (bestelo(2307) 254.356491[20
0.947906], pretender(13) 212.469742[212.469727])[] 
 []


Overfull \hbox (73.25665pt too wide) in paragraph at lines 151--151
[]\OT1/cmtt/m/n/8 Epoch 00062/00200 Game 1500/1500 (bestelo(13) 212.469742[212.
469727], pretender(2307) 209.752319[204.443832])[] 
 []


Overfull \hbox (73.25665pt too wide) in paragraph at lines 151--151
[]\OT1/cmtt/m/n/8 Epoch 00063/00200 Game 1500/1500 (bestelo(2307) 225.512222[20
8.331818], pretender(13) 212.469742[212.469727])[] 
 []


Overfull \hbox (73.25665pt too wide) in paragraph at lines 151--151
[]\OT1/cmtt/m/n/8 Epoch 00064/00200 Game 1500/1500 (bestelo(2307) 229.594940[21
3.094849], pretender(13) 212.469742[212.469727])[] 
 []


Overfull \hbox (81.75677pt too wide) in paragraph at lines 151--151
[]\OT1/cmtt/m/n/8 Epoch 00065/00200 Game 1500/1500 (bestelo(2307) 229.594940[22
0.657455], pretender(2411) 153.968964[171.523727])[] 
 []


Overfull \hbox (81.75677pt too wide) in paragraph at lines 151--151
[]\OT1/cmtt/m/n/8 Epoch 00066/00200 Game 1500/1500 (bestelo(2307) 229.594940[22
4.242126], pretender(2411) 176.953949[174.953384])[] 
 []

[82]
Overfull \hbox (81.75677pt too wide) in paragraph at lines 151--151
[]\OT1/cmtt/m/n/8 Epoch 00067/00200 Game 1500/1500 (bestelo(2307) 229.594940[22
6.452942], pretender(2411) 195.070663[183.530609])[] 
 []


Overfull \hbox (81.75677pt too wide) in paragraph at lines 151--151
[]\OT1/cmtt/m/n/8 Epoch 00068/00200 Game 1500/1500 (bestelo(2307) 229.594940[22
7.841171], pretender(2624) 169.804047[108.043030])[] 
 []


Overfull \hbox (81.75677pt too wide) in paragraph at lines 151--151
[]\OT1/cmtt/m/n/8 Epoch 00069/00200 Game 1500/1500 (bestelo(2307) 229.594940[22
8.709869], pretender(2411) 182.433365[178.716187])[] 
 []


Overfull \hbox (81.75677pt too wide) in paragraph at lines 151--151
[]\OT1/cmtt/m/n/8 Epoch 00070/00200 Game 1500/1500 (bestelo(2307) 229.594940[22
9.148422], pretender(2411) 190.621567[181.187637])[] 
 []


Overfull \hbox (81.75677pt too wide) in paragraph at lines 151--151
[]\OT1/cmtt/m/n/8 Epoch 00071/00200 Game 1500/1500 (bestelo(2307) 229.594940[22
9.333099], pretender(2411) 176.667191[181.081253])[] 
 []


Overfull \hbox (81.75677pt too wide) in paragraph at lines 151--151
[]\OT1/cmtt/m/n/8 Epoch 00072/00200 Game 1500/1500 (bestelo(2307) 229.594940[22
9.449127], pretender(2732) 127.159004[108.255768])[] 
 []


Overfull \hbox (77.50671pt too wide) in paragraph at lines 151--151
[]\OT1/cmtt/m/n/8 Epoch 00073/00200 Game 1500/1500 (bestelo(2307) 229.594940[22
9.517868], pretender(2796) 136.555954[97.438477])[] 
 []


Overfull \hbox (81.75677pt too wide) in paragraph at lines 151--151
[]\OT1/cmtt/m/n/8 Epoch 00074/00200 Game 1500/1500 (bestelo(2307) 229.594940[22
9.555603], pretender(2411) 133.402206[137.798279])[] 
 []


Overfull \hbox (81.75677pt too wide) in paragraph at lines 151--151
[]\OT1/cmtt/m/n/8 Epoch 00075/00200 Game 1500/1500 (bestelo(2307) 229.594940[22
9.573959], pretender(2411) 130.179108[130.538025])[] 
 []


Overfull \hbox (81.75677pt too wide) in paragraph at lines 151--151
[]\OT1/cmtt/m/n/8 Epoch 00076/00200 Game 1500/1500 (bestelo(2307) 229.594940[22
9.584259], pretender(2796) 167.501862[126.438347])[] 
 []


Overfull \hbox (81.75677pt too wide) in paragraph at lines 151--151
[]\OT1/cmtt/m/n/8 Epoch 00077/00200 Game 1500/1500 (bestelo(2307) 229.594940[22
9.588867], pretender(2796) 172.951096[148.022949])[] 
 []


Overfull \hbox (77.50671pt too wide) in paragraph at lines 151--151
[]\OT1/cmtt/m/n/8 Epoch 00078/00200 Game 1500/1500 (bestelo(2307) 229.594940[22
9.591370], pretender(3073) 144.086990[85.926750])[] 
 []


Overfull \hbox (77.50671pt too wide) in paragraph at lines 151--151
[]\OT1/cmtt/m/n/8 Epoch 00079/00200 Game 1500/1500 (bestelo(2307) 229.594940[22
9.593353], pretender(3113) 139.090790[88.162521])[] 
 []


Overfull \hbox (77.50671pt too wide) in paragraph at lines 151--151
[]\OT1/cmtt/m/n/8 Epoch 00080/00200 Game 1500/1500 (bestelo(2307) 229.594940[22
9.594467], pretender(3165) 129.224243[80.136253])[] 
 []


Overfull \hbox (81.75677pt too wide) in paragraph at lines 151--151
[]\OT1/cmtt/m/n/8 Epoch 00081/00200 Game 1500/1500 (bestelo(2307) 229.594940[22
9.594727], pretender(3200) 130.987717[104.633377])[] 
 []


Overfull \hbox (81.75677pt too wide) in paragraph at lines 151--151
[]\OT1/cmtt/m/n/8 Epoch 00082/00200 Game 1500/1500 (bestelo(2307) 229.594940[22
9.594727], pretender(3200) 145.494568[117.391510])[] 
 []


Overfull \hbox (77.50671pt too wide) in paragraph at lines 151--151
[]\OT1/cmtt/m/n/8 Epoch 00083/00200 Game 1500/1500 (bestelo(2307) 229.594940[22
9.594727], pretender(3291) 148.171722[96.267471])[] 
 []


Overfull \hbox (81.75677pt too wide) in paragraph at lines 151--151
[]\OT1/cmtt/m/n/8 Epoch 00084/00200 Game 1500/1500 (bestelo(2307) 229.594940[22
9.594727], pretender(3291) 158.115646[118.438255])[] 
 []


Overfull \hbox (77.50671pt too wide) in paragraph at lines 151--151
[]\OT1/cmtt/m/n/8 Epoch 00085/00200 Game 1500/1500 (bestelo(2307) 229.594940[22
9.594727], pretender(3330) 127.314415[85.482155])[] 
 []


Overfull \hbox (77.50671pt too wide) in paragraph at lines 151--151
[]\OT1/cmtt/m/n/8 Epoch 00086/00200 Game 1500/1500 (bestelo(2307) 229.594940[22
9.594727], pretender(3364) 130.244797[88.868240])[] 
 []


Overfull \hbox (77.50671pt too wide) in paragraph at lines 151--151
[]\OT1/cmtt/m/n/8 Epoch 00087/00200 Game 1500/1500 (bestelo(2307) 229.594940[22
9.594727], pretender(3442) 140.396194[84.085625])[] 
 []


Overfull \hbox (81.75677pt too wide) in paragraph at lines 151--151
[]\OT1/cmtt/m/n/8 Epoch 00088/00200 Game 1500/1500 (bestelo(2307) 229.594940[22
9.594727], pretender(3442) 125.610229[105.224457])[] 
 []


Overfull \hbox (81.75677pt too wide) in paragraph at lines 151--151
[]\OT1/cmtt/m/n/8 Epoch 00089/00200 Game 1500/1500 (bestelo(2307) 229.594940[22
9.594727], pretender(3442) 134.305176[116.018456])[] 
 []


Overfull \hbox (81.75677pt too wide) in paragraph at lines 151--151
[]\OT1/cmtt/m/n/8 Epoch 00090/00200 Game 1500/1500 (bestelo(2307) 229.594940[22
9.594727], pretender(3364) 115.431946[111.120255])[] 
 []


Overfull \hbox (77.50671pt too wide) in paragraph at lines 151--151
[]\OT1/cmtt/m/n/8 Epoch 00091/00200 Game 1500/1500 (bestelo(2307) 229.594940[22
9.594727], pretender(3604) 129.116135[69.046219])[] 
 []


Overfull \hbox (81.75677pt too wide) in paragraph at lines 151--151
[]\OT1/cmtt/m/n/8 Epoch 00092/00200 Game 1500/1500 (bestelo(2307) 229.594940[22
9.594727], pretender(3604) 213.887390[119.508904])[] 
 []


Overfull \hbox (81.75677pt too wide) in paragraph at lines 151--151
[]\OT1/cmtt/m/n/8 Epoch 00093/00200 Game 1500/1500 (bestelo(2307) 229.594940[22
9.594727], pretender(3604) 198.357285[165.089539])[] 
 []


Overfull \hbox (81.75677pt too wide) in paragraph at lines 151--151
[]\OT1/cmtt/m/n/8 Epoch 00094/00200 Game 1500/1500 (bestelo(2307) 229.594940[22
9.594727], pretender(3712) 158.153961[112.506683])[] 
 []


Overfull \hbox (81.75677pt too wide) in paragraph at lines 151--151
[]\OT1/cmtt/m/n/8 Epoch 00095/00200 Game 1500/1500 (bestelo(2307) 229.594940[22
9.594727], pretender(3712) 189.909714[139.493256])[] 
 []


Overfull \hbox (81.75677pt too wide) in paragraph at lines 151--151
[]\OT1/cmtt/m/n/8 Epoch 00096/00200 Game 1500/1500 (bestelo(2307) 229.594940[22
9.594727], pretender(3712) 173.811462[153.367096])[] 
 []


Overfull \hbox (81.75677pt too wide) in paragraph at lines 151--151
[]\OT1/cmtt/m/n/8 Epoch 00097/00200 Game 1500/1500 (bestelo(2307) 229.594940[22
9.594727], pretender(3712) 172.187851[161.217453])[] 
 []

[83]
Overfull \hbox (81.75677pt too wide) in paragraph at lines 151--151
[]\OT1/cmtt/m/n/8 Epoch 00098/00200 Game 1500/1500 (bestelo(2307) 229.594940[22
9.594727], pretender(3712) 185.443405[168.188568])[] 
 []


Overfull \hbox (81.75677pt too wide) in paragraph at lines 151--151
[]\OT1/cmtt/m/n/8 Epoch 00099/00200 Game 1500/1500 (bestelo(2307) 229.594940[22
9.594727], pretender(3863) 189.458664[139.999451])[] 
 []


Overfull \hbox (81.75677pt too wide) in paragraph at lines 151--151
[]\OT1/cmtt/m/n/8 Epoch 00100/00200 Game 1500/1500 (bestelo(2307) 229.594940[22
9.594727], pretender(3845) 164.358765[150.134827])[] 
 []


Overfull \hbox (81.75677pt too wide) in paragraph at lines 151--151
[]\OT1/cmtt/m/n/8 Epoch 00101/00200 Game 1500/1500 (bestelo(2307) 229.594940[22
9.594727], pretender(4007) 162.456879[109.399933])[] 
 []


Overfull \hbox (81.75677pt too wide) in paragraph at lines 151--151
[]\OT1/cmtt/m/n/8 Epoch 00102/00200 Game 1500/1500 (bestelo(2307) 229.594940[22
9.594727], pretender(4007) 210.174881[145.782898])[] 
 []


Overfull \hbox (77.50671pt too wide) in paragraph at lines 151--151
[]\OT1/cmtt/m/n/8 Epoch 00103/00200 Game 1500/1500 (bestelo(2307) 229.594940[22
9.594727], pretender(4065) 180.069168[98.112381])[] 
 []


Overfull \hbox (81.75677pt too wide) in paragraph at lines 151--151
[]\OT1/cmtt/m/n/8 Epoch 00104/00200 Game 1500/1500 (bestelo(2307) 229.594940[22
9.594727], pretender(4065) 171.172577[126.982468])[] 
 []


Overfull \hbox (81.75677pt too wide) in paragraph at lines 151--151
[]\OT1/cmtt/m/n/8 Epoch 00105/00200 Game 1500/1500 (bestelo(2307) 229.594940[22
9.594727], pretender(4057) 179.249252[136.584869])[] 
 []


Overfull \hbox (81.75677pt too wide) in paragraph at lines 151--151
[]\OT1/cmtt/m/n/8 Epoch 00106/00200 Game 1500/1500 (bestelo(2307) 229.594940[22
9.594727], pretender(4057) 225.231689[171.806107])[] 
 []


Overfull \hbox (81.75677pt too wide) in paragraph at lines 151--151
[]\OT1/cmtt/m/n/8 Epoch 00107/00200 Game 1500/1500 (bestelo(4057) 236.670853[20
3.361832], pretender(2307) 229.594940[229.594727])[] 
 []


Overfull \hbox (81.75677pt too wide) in paragraph at lines 151--151
[]\OT1/cmtt/m/n/8 Epoch 00108/00200 Game 1500/1500 (bestelo(2307) 229.594940[22
9.594727], pretender(4171) 192.201263[149.860626])[] 
 []


Overfull \hbox (81.75677pt too wide) in paragraph at lines 151--151
[]\OT1/cmtt/m/n/8 Epoch 00109/00200 Game 1500/1500 (bestelo(2307) 229.594940[22
9.594727], pretender(4171) 196.451492[166.330307])[] 
 []


Overfull \hbox (77.50671pt too wide) in paragraph at lines 151--151
[]\OT1/cmtt/m/n/8 Epoch 00110/00200 Game 1500/1500 (bestelo(2307) 229.594940[22
9.594727], pretender(4372) 162.936630[88.812630])[] 
 []


Overfull \hbox (81.75677pt too wide) in paragraph at lines 151--151
[]\OT1/cmtt/m/n/8 Epoch 00111/00200 Game 1500/1500 (bestelo(2307) 229.594940[22
9.594727], pretender(4331) 164.808975[132.673492])[] 
 []


Overfull \hbox (81.75677pt too wide) in paragraph at lines 151--151
[]\OT1/cmtt/m/n/8 Epoch 00112/00200 Game 1500/1500 (bestelo(2307) 229.594940[22
9.594727], pretender(4427) 190.523529[120.807716])[] 
 []


Overfull \hbox (81.75677pt too wide) in paragraph at lines 151--151
[]\OT1/cmtt/m/n/8 Epoch 00113/00200 Game 1500/1500 (bestelo(2307) 229.594940[22
9.594727], pretender(4427) 170.596527[149.054382])[] 
 []


Overfull \hbox (81.75677pt too wide) in paragraph at lines 151--151
[]\OT1/cmtt/m/n/8 Epoch 00114/00200 Game 1500/1500 (bestelo(2307) 229.594940[22
9.594727], pretender(4427) 157.847687[154.250107])[] 
 []


Overfull \hbox (77.50671pt too wide) in paragraph at lines 151--151
[]\OT1/cmtt/m/n/8 Epoch 00115/00200 Game 1500/1500 (bestelo(2307) 229.594940[22
9.594727], pretender(4541) 154.107986[96.406273])[] 
 []


Overfull \hbox (81.75677pt too wide) in paragraph at lines 151--151
[]\OT1/cmtt/m/n/8 Epoch 00116/00200 Game 1500/1500 (bestelo(2307) 229.594940[22
9.594727], pretender(4427) 163.034180[144.912506])[] 
 []


Overfull \hbox (81.75677pt too wide) in paragraph at lines 151--151
[]\OT1/cmtt/m/n/8 Epoch 00117/00200 Game 1500/1500 (bestelo(2307) 229.594940[22
9.594727], pretender(4427) 154.988449[156.048828])[] 
 []


Overfull \hbox (81.75677pt too wide) in paragraph at lines 151--151
[]\OT1/cmtt/m/n/8 Epoch 00118/00200 Game 1500/1500 (bestelo(2307) 229.594940[22
9.594727], pretender(4541) 130.235748[126.946022])[] 
 []


Overfull \hbox (81.75677pt too wide) in paragraph at lines 151--151
[]\OT1/cmtt/m/n/8 Epoch 00119/00200 Game 1500/1500 (bestelo(2307) 229.594940[22
9.594727], pretender(4541) 159.103775[131.293167])[] 
 []


Overfull \hbox (81.75677pt too wide) in paragraph at lines 151--151
[]\OT1/cmtt/m/n/8 Epoch 00120/00200 Game 1500/1500 (bestelo(2307) 229.594940[22
9.594727], pretender(4427) 168.708435[149.241028])[] 
 []


Overfull \hbox (81.75677pt too wide) in paragraph at lines 151--151
[]\OT1/cmtt/m/n/8 Epoch 00121/00200 Game 1500/1500 (bestelo(2307) 229.594940[22
9.594727], pretender(4644) 154.840424[144.853638])[] 
 []


Overfull \hbox (81.75677pt too wide) in paragraph at lines 151--151
[]\OT1/cmtt/m/n/8 Epoch 00122/00200 Game 1500/1500 (bestelo(2307) 229.594940[22
9.594727], pretender(4850) 149.681992[102.686829])[] 
 []


Overfull \hbox (81.75677pt too wide) in paragraph at lines 151--151
[]\OT1/cmtt/m/n/8 Epoch 00123/00200 Game 1500/1500 (bestelo(2307) 229.594940[22
9.594727], pretender(4851) 141.986816[106.447868])[] 
 []


Overfull \hbox (81.75677pt too wide) in paragraph at lines 151--151
[]\OT1/cmtt/m/n/8 Epoch 00124/00200 Game 1500/1500 (bestelo(2307) 229.594940[22
9.594727], pretender(4427) 176.288589[137.016907])[] 
 []


Overfull \hbox (81.75677pt too wide) in paragraph at lines 151--151
[]\OT1/cmtt/m/n/8 Epoch 00125/00200 Game 1500/1500 (bestelo(2307) 229.594940[22
9.594727], pretender(4427) 173.833740[156.292572])[] 
 []


Overfull \hbox (81.75677pt too wide) in paragraph at lines 151--151
[]\OT1/cmtt/m/n/8 Epoch 00126/00200 Game 1500/1500 (bestelo(2307) 229.594940[22
9.594727], pretender(4851) 147.194748[141.632202])[] 
 []


Overfull \hbox (81.75677pt too wide) in paragraph at lines 151--151
[]\OT1/cmtt/m/n/8 Epoch 00127/00200 Game 1500/1500 (bestelo(2307) 229.594940[22
9.594727], pretender(4596) 171.032883[148.276154])[] 
 []


Overfull \hbox (81.75677pt too wide) in paragraph at lines 151--151
[]\OT1/cmtt/m/n/8 Epoch 00128/00200 Game 1500/1500 (bestelo(2307) 229.594940[22
9.594727], pretender(5081) 191.360794[112.583534])[] 
 []

[84]
Overfull \hbox (81.75677pt too wide) in paragraph at lines 151--151
[]\OT1/cmtt/m/n/8 Epoch 00129/00200 Game 1500/1500 (bestelo(2307) 229.594940[22
9.594727], pretender(5081) 216.581512[152.897736])[] 
 []


Overfull \hbox (81.75677pt too wide) in paragraph at lines 151--151
[]\OT1/cmtt/m/n/8 Epoch 00130/00200 Game 1500/1500 (bestelo(5081) 230.059052[18
7.892700], pretender(2307) 229.594940[229.594727])[] 
 []


Overfull \hbox (81.75677pt too wide) in paragraph at lines 151--151
[]\OT1/cmtt/m/n/8 Epoch 00131/00200 Game 1500/1500 (bestelo(2307) 229.594940[22
9.594727], pretender(5081) 219.557602[196.371307])[] 
 []


Overfull \hbox (81.75677pt too wide) in paragraph at lines 151--151
[]\OT1/cmtt/m/n/8 Epoch 00132/00200 Game 1500/1500 (bestelo(2307) 229.594940[22
9.594727], pretender(5081) 214.988571[210.757370])[] 
 []


Overfull \hbox (81.75677pt too wide) in paragraph at lines 151--151
[]\OT1/cmtt/m/n/8 Epoch 00133/00200 Game 1500/1500 (bestelo(2307) 229.594940[22
9.594727], pretender(5081) 184.410309[202.170547])[] 
 []


Overfull \hbox (81.75677pt too wide) in paragraph at lines 151--151
[]\OT1/cmtt/m/n/8 Epoch 00134/00200 Game 1500/1500 (bestelo(2307) 229.594940[22
9.594727], pretender(5081) 161.146667[187.444031])[] 
 []


Overfull \hbox (81.75677pt too wide) in paragraph at lines 151--151
[]\OT1/cmtt/m/n/8 Epoch 00135/00200 Game 1500/1500 (bestelo(2307) 229.594940[22
9.594727], pretender(5081) 165.353973[176.106216])[] 
 []


Overfull \hbox (81.75677pt too wide) in paragraph at lines 151--151
[]\OT1/cmtt/m/n/8 Epoch 00136/00200 Game 1500/1500 (bestelo(2307) 229.594940[22
9.594727], pretender(5308) 187.812531[137.062103])[] 
 []


Overfull \hbox (81.75677pt too wide) in paragraph at lines 151--151
[]\OT1/cmtt/m/n/8 Epoch 00137/00200 Game 1500/1500 (bestelo(2307) 229.594940[22
9.594727], pretender(5308) 177.949844[151.278275])[] 
 []


Overfull \hbox (81.75677pt too wide) in paragraph at lines 151--151
[]\OT1/cmtt/m/n/8 Epoch 00138/00200 Game 1500/1500 (bestelo(2307) 229.594940[22
9.594727], pretender(5423) 173.656403[129.033493])[] 
 []


Overfull \hbox (81.75677pt too wide) in paragraph at lines 151--151
[]\OT1/cmtt/m/n/8 Epoch 00139/00200 Game 1500/1500 (bestelo(2307) 229.594940[22
9.594727], pretender(5423) 224.629578[160.044495])[] 
 []


Overfull \hbox (81.75677pt too wide) in paragraph at lines 151--151
[]\OT1/cmtt/m/n/8 Epoch 00140/00200 Game 1500/1500 (bestelo(2307) 229.594940[22
9.594727], pretender(5423) 225.403442[186.906204])[] 
 []


Overfull \hbox (81.75677pt too wide) in paragraph at lines 151--151
[]\OT1/cmtt/m/n/8 Epoch 00141/00200 Game 1500/1500 (bestelo(2307) 229.594940[22
9.594727], pretender(5402) 139.014297[114.284004])[] 
 []


Overfull \hbox (81.75677pt too wide) in paragraph at lines 151--151
[]\OT1/cmtt/m/n/8 Epoch 00142/00200 Game 1500/1500 (bestelo(2307) 229.594940[22
9.594727], pretender(5402) 161.865311[132.785858])[] 
 []


Overfull \hbox (81.75677pt too wide) in paragraph at lines 151--151
[]\OT1/cmtt/m/n/8 Epoch 00143/00200 Game 1500/1500 (bestelo(2307) 229.594940[22
9.594727], pretender(5402) 135.672302[138.035034])[] 
 []


Overfull \hbox (81.75677pt too wide) in paragraph at lines 151--151
[]\OT1/cmtt/m/n/8 Epoch 00144/00200 Game 1500/1500 (bestelo(2307) 229.594940[22
9.594727], pretender(5641) 100.938713[106.269104])[] 
 []


Overfull \hbox (77.50671pt too wide) in paragraph at lines 151--151
[]\OT1/cmtt/m/n/8 Epoch 00145/00200 Game 1500/1500 (bestelo(2307) 229.594940[22
9.594727], pretender(5747) 127.169022[80.913391])[] 
 []


Overfull \hbox (81.75677pt too wide) in paragraph at lines 151--151
[]\OT1/cmtt/m/n/8 Epoch 00146/00200 Game 1500/1500 (bestelo(2307) 229.594940[22
9.594727], pretender(5637) 130.032135[111.537155])[] 
 []


Overfull \hbox (81.75677pt too wide) in paragraph at lines 151--151
[]\OT1/cmtt/m/n/8 Epoch 00147/00200 Game 1500/1500 (bestelo(2307) 229.594940[22
9.594727], pretender(5637) 129.518341[120.467484])[] 
 []


Overfull \hbox (77.50671pt too wide) in paragraph at lines 151--151
[]\OT1/cmtt/m/n/8 Epoch 00148/00200 Game 1500/1500 (bestelo(2307) 229.594940[22
9.594727], pretender(5896) 116.596016[60.837269])[] 
 []


Overfull \hbox (77.50671pt too wide) in paragraph at lines 151--151
[]\OT1/cmtt/m/n/8 Epoch 00149/00200 Game 1500/1500 (bestelo(2307) 229.594940[22
9.594727], pretender(5936) 147.222153[77.182739])[] 
 []


Overfull \hbox (81.75677pt too wide) in paragraph at lines 151--151
[]\OT1/cmtt/m/n/8 Epoch 00150/00200 Game 1500/1500 (bestelo(2307) 229.594940[22
9.594727], pretender(5936) 157.859589[112.000374])[] 
 []


Overfull \hbox (81.75677pt too wide) in paragraph at lines 151--151
[]\OT1/cmtt/m/n/8 Epoch 00151/00200 Game 1500/1500 (bestelo(2307) 229.594940[22
9.594727], pretender(5936) 173.183319[129.113083])[] 
 []


Overfull \hbox (81.75677pt too wide) in paragraph at lines 151--151
[]\OT1/cmtt/m/n/8 Epoch 00152/00200 Game 1500/1500 (bestelo(2307) 229.594940[22
9.594727], pretender(5637) 138.006424[116.607689])[] 
 []


Overfull \hbox (81.75677pt too wide) in paragraph at lines 151--151
[]\OT1/cmtt/m/n/8 Epoch 00153/00200 Game 1500/1500 (bestelo(2307) 229.594940[22
9.594727], pretender(5936) 116.528847[121.720177])[] 
 []


Overfull \hbox (77.50671pt too wide) in paragraph at lines 151--151
[]\OT1/cmtt/m/n/8 Epoch 00154/00200 Game 1500/1500 (bestelo(2307) 229.594940[22
9.594727], pretender(6050) 119.725487[89.852989])[] 
 []


Overfull \hbox (81.75677pt too wide) in paragraph at lines 151--151
[]\OT1/cmtt/m/n/8 Epoch 00155/00200 Game 1500/1500 (bestelo(2307) 229.594940[22
9.594727], pretender(5936) 159.909561[126.024521])[] 
 []


Overfull \hbox (77.50671pt too wide) in paragraph at lines 151--151
[]\OT1/cmtt/m/n/8 Epoch 00156/00200 Game 1500/1500 (bestelo(2307) 229.594940[22
9.594727], pretender(6130) 141.332779[90.983673])[] 
 []


Overfull \hbox (77.50671pt too wide) in paragraph at lines 151--151
[]\OT1/cmtt/m/n/8 Epoch 00157/00200 Game 1500/1500 (bestelo(2307) 229.594940[22
9.594727], pretender(6200) 129.929092[95.940018])[] 
 []


Overfull \hbox (77.50671pt too wide) in paragraph at lines 151--151
[]\OT1/cmtt/m/n/8 Epoch 00158/00200 Game 1500/1500 (bestelo(2307) 229.594940[22
9.594727], pretender(6211) 121.571198[89.469749])[] 
 []


Overfull \hbox (77.50671pt too wide) in paragraph at lines 151--151
[]\OT1/cmtt/m/n/8 Epoch 00159/00200 Game 1500/1500 (bestelo(2307) 229.594940[22
9.594727], pretender(6294) 143.281509[80.063751])[] 
 []

[85]
Overfull \hbox (81.75677pt too wide) in paragraph at lines 151--151
[]\OT1/cmtt/m/n/8 Epoch 00160/00200 Game 1500/1500 (bestelo(2307) 229.594940[22
9.594727], pretender(6294) 137.398575[112.564903])[] 
 []


Overfull \hbox (81.75677pt too wide) in paragraph at lines 151--151
[]\OT1/cmtt/m/n/8 Epoch 00161/00200 Game 1500/1500 (bestelo(2307) 229.594940[22
9.594727], pretender(6130) 128.446335[116.906494])[] 
 []


Overfull \hbox (81.75677pt too wide) in paragraph at lines 151--151
[]\OT1/cmtt/m/n/8 Epoch 00162/00200 Game 1500/1500 (bestelo(2307) 229.594940[22
9.594727], pretender(6294) 143.559616[115.460129])[] 
 []


Overfull \hbox (81.75677pt too wide) in paragraph at lines 151--151
[]\OT1/cmtt/m/n/8 Epoch 00163/00200 Game 1500/1500 (bestelo(2307) 229.594940[22
9.594727], pretender(6050) 134.307297[120.124260])[] 
 []


Overfull \hbox (77.50671pt too wide) in paragraph at lines 151--151
[]\OT1/cmtt/m/n/8 Epoch 00164/00200 Game 1500/1500 (bestelo(2307) 229.594940[22
9.594727], pretender(5936) 143.657745[92.872375])[] 
 []


Overfull \hbox (81.75677pt too wide) in paragraph at lines 151--151
[]\OT1/cmtt/m/n/8 Epoch 00165/00200 Game 1500/1500 (bestelo(2307) 229.594940[22
9.594727], pretender(5936) 121.251556[114.471298])[] 
 []


Overfull \hbox (81.75677pt too wide) in paragraph at lines 151--151
[]\OT1/cmtt/m/n/8 Epoch 00166/00200 Game 1500/1500 (bestelo(2307) 229.594940[22
9.594727], pretender(6050) 137.009415[119.594040])[] 
 []


Overfull \hbox (77.50671pt too wide) in paragraph at lines 151--151
[]\OT1/cmtt/m/n/8 Epoch 00167/00200 Game 1500/1500 (bestelo(2307) 229.594940[22
9.594727], pretender(6561) 121.406502[99.650978])[] 
 []


Overfull \hbox (77.50671pt too wide) in paragraph at lines 151--151
[]\OT1/cmtt/m/n/8 Epoch 00168/00200 Game 1500/1500 (bestelo(2307) 229.594940[22
9.594727], pretender(6659) 153.608337[90.125031])[] 
 []


Overfull \hbox (81.75677pt too wide) in paragraph at lines 151--151
[]\OT1/cmtt/m/n/8 Epoch 00169/00200 Game 1500/1500 (bestelo(2307) 229.594940[22
9.594727], pretender(6659) 147.808243[112.006447])[] 
 []


Overfull \hbox (81.75677pt too wide) in paragraph at lines 151--151
[]\OT1/cmtt/m/n/8 Epoch 00170/00200 Game 1500/1500 (bestelo(2307) 229.594940[22
9.594727], pretender(6659) 173.949753[131.342880])[] 
 []


Overfull \hbox (81.75677pt too wide) in paragraph at lines 151--151
[]\OT1/cmtt/m/n/8 Epoch 00171/00200 Game 1500/1500 (bestelo(2307) 229.594940[22
9.594727], pretender(6659) 169.093506[154.313675])[] 
 []


Overfull \hbox (81.75677pt too wide) in paragraph at lines 151--151
[]\OT1/cmtt/m/n/8 Epoch 00172/00200 Game 1500/1500 (bestelo(2307) 229.594940[22
9.594727], pretender(6659) 156.216721[158.283127])[] 
 []


Overfull \hbox (81.75677pt too wide) in paragraph at lines 151--151
[]\OT1/cmtt/m/n/8 Epoch 00173/00200 Game 1500/1500 (bestelo(2307) 229.594940[22
9.594727], pretender(6659) 182.966461[163.647995])[] 
 []


Overfull \hbox (81.75677pt too wide) in paragraph at lines 151--151
[]\OT1/cmtt/m/n/8 Epoch 00174/00200 Game 1500/1500 (bestelo(2307) 229.594940[22
9.594727], pretender(6659) 148.670059[163.312668])[] 
 []


Overfull \hbox (77.50671pt too wide) in paragraph at lines 151--151
[]\OT1/cmtt/m/n/8 Epoch 00175/00200 Game 1500/1500 (bestelo(2307) 229.594940[22
9.594727], pretender(6937) 154.270020[99.693573])[] 
 []


Overfull \hbox (81.75677pt too wide) in paragraph at lines 151--151
[]\OT1/cmtt/m/n/8 Epoch 00176/00200 Game 1500/1500 (bestelo(2307) 229.594940[22
9.594727], pretender(6659) 142.389664[142.683640])[] 
 []


Overfull \hbox (81.75677pt too wide) in paragraph at lines 151--151
[]\OT1/cmtt/m/n/8 Epoch 00177/00200 Game 1500/1500 (bestelo(2307) 229.594940[22
9.594727], pretender(7007) 181.218079[106.915565])[] 
 []


Overfull \hbox (81.75677pt too wide) in paragraph at lines 151--151
[]\OT1/cmtt/m/n/8 Epoch 00178/00200 Game 1500/1500 (bestelo(2307) 229.594940[22
9.594727], pretender(7007) 183.978027[137.465836])[] 
 []


Overfull \hbox (81.75677pt too wide) in paragraph at lines 151--151
[]\OT1/cmtt/m/n/8 Epoch 00179/00200 Game 1500/1500 (bestelo(2307) 229.594940[22
9.594727], pretender(7007) 200.221313[161.175064])[] 
 []


Overfull \hbox (81.75677pt too wide) in paragraph at lines 151--151
[]\OT1/cmtt/m/n/8 Epoch 00180/00200 Game 1500/1500 (bestelo(2307) 229.594940[22
9.594727], pretender(7003) 165.031036[152.916840])[] 
 []


Overfull \hbox (81.75677pt too wide) in paragraph at lines 151--151
[]\OT1/cmtt/m/n/8 Epoch 00181/00200 Game 1500/1500 (bestelo(2307) 229.594940[22
9.594727], pretender(7003) 185.869003[162.471863])[] 
 []


Overfull \hbox (81.75677pt too wide) in paragraph at lines 151--151
[]\OT1/cmtt/m/n/8 Epoch 00182/00200 Game 1500/1500 (bestelo(2307) 229.594940[22
9.594727], pretender(7007) 146.999634[157.248032])[] 
 []


Overfull \hbox (77.50671pt too wide) in paragraph at lines 151--151
[]\OT1/cmtt/m/n/8 Epoch 00183/00200 Game 1500/1500 (bestelo(2307) 229.594940[22
9.594727], pretender(7210) 121.389427[84.785156])[] 
 []


Overfull \hbox (81.75677pt too wide) in paragraph at lines 151--151
[]\OT1/cmtt/m/n/8 Epoch 00184/00200 Game 1500/1500 (bestelo(2307) 229.594940[22
9.594727], pretender(7210) 124.043358[101.436806])[] 
 []


Overfull \hbox (81.75677pt too wide) in paragraph at lines 151--151
[]\OT1/cmtt/m/n/8 Epoch 00185/00200 Game 1500/1500 (bestelo(2307) 229.594940[22
9.594727], pretender(7210) 136.366104[109.805344])[] 
 []


Overfull \hbox (77.50671pt too wide) in paragraph at lines 151--151
[]\OT1/cmtt/m/n/8 Epoch 00186/00200 Game 1500/1500 (bestelo(2307) 229.594940[22
9.594727], pretender(7349) 103.748123[85.813446])[] 
 []


Overfull \hbox (77.50671pt too wide) in paragraph at lines 151--151
[]\OT1/cmtt/m/n/8 Epoch 00187/00200 Game 1500/1500 (bestelo(2307) 229.594940[22
9.594727], pretender(7349) 136.704315[96.895050])[] 
 []


Overfull \hbox (81.75677pt too wide) in paragraph at lines 151--151
[]\OT1/cmtt/m/n/8 Epoch 00188/00200 Game 1500/1500 (bestelo(2307) 229.594940[22
9.594727], pretender(7349) 156.676254[118.672890])[] 
 []


Overfull \hbox (77.50671pt too wide) in paragraph at lines 151--151
[]\OT1/cmtt/m/n/8 Epoch 00189/00200 Game 1500/1500 (bestelo(2307) 229.594940[22
9.594727], pretender(7530) 119.269569[68.456085])[] 
 []


Overfull \hbox (77.50671pt too wide) in paragraph at lines 151--151
[]\OT1/cmtt/m/n/8 Epoch 00190/00200 Game 1500/1500 (bestelo(2307) 229.594940[22
9.594727], pretender(7567) 120.979630[97.268562])[] 
 []

[86]
Overfull \hbox (81.75677pt too wide) in paragraph at lines 151--151
[]\OT1/cmtt/m/n/8 Epoch 00191/00200 Game 1500/1500 (bestelo(2307) 229.594940[22
9.594727], pretender(7567) 121.066910[105.909737])[] 
 []


Overfull \hbox (77.50671pt too wide) in paragraph at lines 151--151
[]\OT1/cmtt/m/n/8 Epoch 00192/00200 Game 1500/1500 (bestelo(2307) 229.594940[22
9.594727], pretender(7605) 121.054131[94.868477])[] 
 []


Overfull \hbox (81.75677pt too wide) in paragraph at lines 151--151
[]\OT1/cmtt/m/n/8 Epoch 00193/00200 Game 1500/1500 (bestelo(2307) 229.594940[22
9.594727], pretender(7605) 152.173492[114.742744])[] 
 []


Overfull \hbox (81.75677pt too wide) in paragraph at lines 151--151
[]\OT1/cmtt/m/n/8 Epoch 00194/00200 Game 1500/1500 (bestelo(2307) 229.594940[22
9.594727], pretender(7654) 153.577209[104.191124])[] 
 []


Overfull \hbox (77.50671pt too wide) in paragraph at lines 151--151
[]\OT1/cmtt/m/n/8 Epoch 00195/00200 Game 1500/1500 (bestelo(2307) 229.594940[22
9.594727], pretender(7721) 144.222076[99.021721])[] 
 []


Overfull \hbox (81.75677pt too wide) in paragraph at lines 151--151
[]\OT1/cmtt/m/n/8 Epoch 00196/00200 Game 1500/1500 (bestelo(2307) 229.594940[22
9.594727], pretender(7654) 152.314148[141.608002])[] 
 []


Overfull \hbox (81.75677pt too wide) in paragraph at lines 151--151
[]\OT1/cmtt/m/n/8 Epoch 00197/00200 Game 1500/1500 (bestelo(2307) 229.594940[22
9.594727], pretender(7831) 155.080200[105.475250])[] 
 []


Overfull \hbox (81.75677pt too wide) in paragraph at lines 151--151
[]\OT1/cmtt/m/n/8 Epoch 00198/00200 Game 1500/1500 (bestelo(2307) 229.594940[22
9.594727], pretender(7831) 150.140503[127.012932])[] 
 []


Overfull \hbox (81.75677pt too wide) in paragraph at lines 151--151
[]\OT1/cmtt/m/n/8 Epoch 00199/00200 Game 1500/1500 (bestelo(2307) 229.594940[22
9.594727], pretender(7831) 150.507187[132.258820])[] 
 []


Overfull \hbox (81.75677pt too wide) in paragraph at lines 151--151
[]\OT1/cmtt/m/n/8 Epoch 00200/00200 Game 1500/1500 (bestelo(2307) 229.594940[22
9.594727], pretender(7831) 142.231277[136.350327])[] 
 []


Underfull \hbox (badness 10000) in paragraph at lines 155--156

 []


</home/bayashi/GitHub/MiniFrame/Examples/Oware/training.png, id=282, 715.67375p
t x 334.24875pt>
File: /home/bayashi/GitHub/MiniFrame/Examples/Oware/training.png Graphic file (
type png)

<use /home/bayashi/GitHub/MiniFrame/Examples/Oware/training.png>
Package pdftex.def Info: /home/bayashi/GitHub/MiniFrame/Examples/Oware/training
.png used on input line 159.
(pdftex.def)             Requested size: 284.52756pt x 132.88618pt.
) [87 </home/bayashi/GitHub/MiniFrame/Examples/Oware/training.png (PNG copy)>] 
(./doc.aux) ) 
Here is how much of TeX's memory you used:
 13294 strings out of 494314
 256522 string characters out of 6163111
 295773 words of memory out of 5000000
 16378 multiletter control sequences out of 15000+600000
 12740 words of font info for 50 fonts, out of 8000000 for 9000
 372 hyphenation exceptions out of 8191
 55i,6n,54p,436b,311s stack positions out of 5000i,500n,10000p,200000b,80000s
</usr/share/texlive/texmf-dist/fonts/type1/public/amsfonts/cm/cmbx
12.pfb></usr/share/texlive/texmf-dist/fonts/type1/public/amsfonts/cm/cmr12.pfb>
</usr/share/texlive/texmf-dist/fonts/type1/public/amsfonts/cm/cmr17.pfb></usr/s
hare/texlive/texmf-dist/fonts/type1/public/amsfonts/cm/cmtt12.pfb></usr/share/t
exlive/texmf-dist/fonts/type1/public/amsfonts/cm/cmtt8.pfb>

pdfTeX warning: pdflatex: no GlyphToUnicode entry has been inserted yet!
Output written on doc.pdf (87 pages, 232690 bytes).
PDF statistics:
 306 PDF objects out of 1000 (max. 8388607)
 0 named destinations out of 1000 (max. 500000)
 18 words of extra memory for PDF output out of 10000 (max. 10000000)

